2025-02-16 14:22:27,601 INFO o.a.j.u.JMeterUtils: Setting Locale to en_EN
2025-02-16 14:22:27,796 INFO o.a.j.JMeter: Loading user properties from: C:\Users\DELL\Desktop\apache-jmeter-5.6.3\apache-jmeter-5.6.3\bin\user.properties
2025-02-16 14:22:27,807 INFO o.a.j.JMeter: Loading system properties from: C:\Users\DELL\Desktop\apache-jmeter-5.6.3\apache-jmeter-5.6.3\bin\system.properties
2025-02-16 14:22:27,919 INFO o.a.j.JMeter: Copyright (c) 1998-2024 The Apache Software Foundation
2025-02-16 14:22:27,919 INFO o.a.j.JMeter: Version 5.6.3
2025-02-16 14:22:27,919 INFO o.a.j.JMeter: java.version=21.0.5
2025-02-16 14:22:27,919 INFO o.a.j.JMeter: java.vm.name=Java HotSpot(TM) 64-Bit Server VM
2025-02-16 14:22:27,919 INFO o.a.j.JMeter: os.name=Windows 11
2025-02-16 14:22:27,919 INFO o.a.j.JMeter: os.arch=amd64
2025-02-16 14:22:27,919 INFO o.a.j.JMeter: os.version=10.0
2025-02-16 14:22:27,919 INFO o.a.j.JMeter: file.encoding=UTF-8
2025-02-16 14:22:27,919 INFO o.a.j.JMeter: java.awt.headless=true
2025-02-16 14:22:27,919 INFO o.a.j.JMeter: Max memory     =1073741824
2025-02-16 14:22:27,919 INFO o.a.j.JMeter: Available Processors =4
2025-02-16 14:22:27,985 INFO o.a.j.JMeter: Default Locale=English (EN)
2025-02-16 14:22:27,985 INFO o.a.j.JMeter: JMeter  Locale=English (EN)
2025-02-16 14:22:27,985 INFO o.a.j.JMeter: JMeterHome=C:\Users\DELL\Desktop\apache-jmeter-5.6.3\apache-jmeter-5.6.3
2025-02-16 14:22:27,989 INFO o.a.j.JMeter: user.dir  =C:\Users\DELL\Desktop\SimpleGroceryAPI_JmeterTest
2025-02-16 14:22:27,994 INFO o.a.j.JMeter: PWD       =C:\Users\DELL\Desktop\SimpleGroceryAPI_JmeterTest
2025-02-16 14:22:27,994 INFO o.a.j.JMeter: IP: 192.168.1.7 Name: DESKTOP-EQGDIG6 FullName: DESKTOP-EQGDIG6
2025-02-16 14:22:28,105 INFO o.a.j.JMeter: Setting property 'jmeter.reportgenerator.outputdir' to:'C:\Users\DELL\Desktop\SimpleGroceryAPI_JmeterTest\HTMLreport'
2025-02-16 14:22:28,105 ERROR o.a.j.JMeter: An error occurred: 
org.apache.jmeter.report.config.ConfigurationException: The file C:\Users\DELL\Desktop\SimpleGroceryAPI_JmeterTest\SimpleGroceryAPI_Test.jmx doesn't exist or can't be opened
	at org.apache.jmeter.JMeter.runNonGui(JMeter.java:950) ~[ApacheJMeter_core.jar:5.6.3]
	at org.apache.jmeter.JMeter.startNonGui(JMeter.java:940) ~[ApacheJMeter_core.jar:5.6.3]
	at org.apache.jmeter.JMeter.start(JMeter.java:508) [ApacheJMeter_core.jar:5.6.3]
	at java.base/jdk.internal.reflect.DirectMethodHandleAccessor.invoke(DirectMethodHandleAccessor.java:103) ~[?:?]
	at java.base/java.lang.reflect.Method.invoke(Method.java:580) ~[?:?]
	at org.apache.jmeter.NewDriver.main(NewDriver.java:259) [ApacheJMeter.jar:5.6.3]
